0 info it worked if it ends with ok
1 verbose cli [ 'node', '/usr/local/bin/npm', 'run', 'gulp-reload' ]
2 info using npm@1.4.28
3 info using node@v0.10.33
4 verbose run-script [ 'pregulp-reload', 'gulp-reload', 'postgulp-reload' ]
5 info pregulp-reload react-desktop-project@1.0.0
6 info gulp-reload react-desktop-project@1.0.0
7 verbose unsafe-perm in lifecycle true
8 info react-desktop-project@1.0.0 Failed to exec gulp-reload script
9 error react-desktop-project@1.0.0 gulp-reload: `gulp browser-sync`
9 error Exit status 8
10 error Failed at the react-desktop-project@1.0.0 gulp-reload script.
10 error This is most likely a problem with the react-desktop-project package,
10 error not with npm itself.
10 error Tell the author that this fails on your system:
10 error     gulp browser-sync
10 error You can get their info via:
10 error     npm owner ls react-desktop-project
10 error There is likely additional logging output above.
11 error System Darwin 14.5.0
12 error command "node" "/usr/local/bin/npm" "run" "gulp-reload"
13 error cwd /Applications/MAMP/htdocs/react-desktop-project
14 error node -v v0.10.33
15 error npm -v 1.4.28
16 error code ELIFECYCLE
17 verbose exit [ 1, true ]
